Build started 11/4/2011 9:03:12 AM.
     1>Project "E:\Advanced Programming\Assignment 5\CPTN230_A5_part1_fahey\CPTN230_A5_part1_fahey\CPTN230_A5_part1_fahey.vcxproj" on node 2 (build target(s)).
     1>InitializeBuildStatus:
         Creating "Debug\CPTN230_A5_part1_fahey.unsuccessfulbuild" because "AlwaysCreate" was specified.
       ClCompile:
         c:\Program Files (x86)\Microsoft Visual Studio 10.0\VC\bin\CL.exe /c /ZI /nologo /W3 /WX- /Od /Oy- /D WIN32 /D _DEBUG /D _CONSOLE /D _UNICODE /D UNICODE /Gm /EHsc /RTC1 /MDd /GS /fp:precise /Zc:wchar_t /Zc:forScope /Fo"Debug\\" /Fd"Debug\vc100.pdb" /Gd /TP /analyze- /errorReport:prompt CPTN230_A5_Nothing_fahey.cpp
         CPTN230_A5_Nothing_fahey.cpp
       ManifestResourceCompile:
         All outputs are up-to-date.
       Link:
         c:\Program Files (x86)\Microsoft Visual Studio 10.0\VC\bin\link.exe /ERRORREPORT:PROMPT /OUT:"E:\Advanced Programming\Assignment 5\CPTN230_A5_part1_fahey\Debug\CPTN230_A5_part1_fahey.exe" /INCREMENTAL /NOLOGO kernel32.lib user32.lib gdi32.lib winspool.lib comdlg32.lib advapi32.lib shell32.lib ole32.lib oleaut32.lib uuid.lib odbc32.lib odbccp32.lib /MANIFEST /ManifestFile:"Debug\CPTN230_A5_part1_fahey.exe.intermediate.manifest" /MANIFESTUAC:"level='asInvoker' uiAccess='false'" /DEBUG /PDB:"E:\Advanced Programming\Assignment 5\CPTN230_A5_part1_fahey\Debug\CPTN230_A5_part1_fahey.pdb" /SUBSYSTEM:CONSOLE /TLBID:1 /DYNAMICBASE /NXCOMPAT /IMPLIB:"E:\Advanced Programming\Assignment 5\CPTN230_A5_part1_fahey\Debug\CPTN230_A5_part1_fahey.lib" /MACHINE:X86 Debug\CPTN230_A5_part1_fahey.exe.embed.manifest.res
         Debug\CPTN230_A5_Nothing_fahey.obj
       Manifest:
         C:\Program Files (x86)\Microsoft SDKs\Windows\v7.0A\bin\mt.exe /nologo /verbose /out:"Debug\CPTN230_A5_part1_fahey.exe.embed.manifest" /manifest Debug\CPTN230_A5_part1_fahey.exe.intermediate.manifest
         All outputs are up-to-date.
       LinkEmbedManifest:
         All outputs are up-to-date.
         CPTN230_A5_part1_fahey.vcxproj -> E:\Advanced Programming\Assignment 5\CPTN230_A5_part1_fahey\Debug\CPTN230_A5_part1_fahey.exe
       FinalizeBuildStatus:
         Deleting file "Debug\CPTN230_A5_part1_fahey.unsuccessfulbuild".
         Touching "Debug\CPTN230_A5_part1_fahey.lastbuildstate".
     1>Done Building Project "E:\Advanced Programming\Assignment 5\CPTN230_A5_part1_fahey\CPTN230_A5_part1_fahey\CPTN230_A5_part1_fahey.vcxproj" (build target(s)).

Build succeeded.

Time Elapsed 00:00:07.57
